[LOG] System::create                           : Header version = 2.02.04. Current version = 2.02.04.
[LOG] Manager::init                            : maxchannels = 256 studioflags = 00000006 flags 00000000 extradriverdata 0000000000000000.
[LOG] SystemI::init                            : Initialize version=20204 (121702), maxchannels=256, flags=0x00020000
[LOG] SystemI::setOutputInternal               : Setting output to 'FMOD WASAPI Output'
[LOG] OutputWASAPI::init                       : Mix Format (WAVEFORMATEX): wFormatTag=0xFFFE, nChannels=2, nSamplesPerSec=44100, nAvgBytesPerSec=352800, nBlockAlign=8, wBitsPerSample=32, cbSize=22.
[LOG] OutputWASAPI::init                       : Mix Format (WAVEFORMATEXTENSIBLE): wValidBitsPerSample=32, dwChannelMask=0x00000003, SubFormat=00000003-0000-0010-8000-00AA00389B71.
[LOG] OutputWASAPI::init                       : Output buffer size: 3760 samples, latency: 0.00ms, period: 10.00ms, DSP buffer: 1024 * 4
[LOG] SystemI::init                            : Output requires a sample rate of 44100Hz, resampling will occur.
[LOG] Thread::initThread                       : Init FMOD stream thread. Affinity: 0x4000000000000003, Priority: 0xFFFF7FFB, Stack Size: 98304, Semaphore: No, Sleep Time: 10, Looping: Yes.
[LOG] Thread::initThread                       : Init FMOD mixer thread. Affinity: 0x4000000000000001, Priority: 0xFFFF7FFA, Stack Size: 81920, Semaphore: No, Sleep Time: 0, Looping: Yes.
[LOG] AsyncManager::init                       : manager 000002AF79D42868 isAsync 0 updatePeriod 0.02
[LOG] AsyncManager::init                       : done
[LOG] PlaybackSystem::init                     : 
[LOG] Thread::initThread                       : Init FMOD Studio sample load thread. Affinity: 0x4000000000000003, Priority: 0xFFFF7FFD, Stack Size: 98304, Semaphore: No, Sleep Time: 1, Looping: No.
[LOG] PlaybackSystem::init                     : done
[LOG] Thread::initThread                       : Init FMOD Studio bank load thread. Affinity: 0x4000000000000003, Priority: 0xFFFF7FFD, Stack Size: 98304, Semaphore: No, Sleep Time: 1, Looping: No.
[LOG] Manager::init                            : done.
[LOG] Manager::readBank                        : fileversion = 141, compatVersion = 140 (oldest = 44, newest = 141)
[LOG] Manager::readBank                        : fileversion = 141, compatVersion = 140 (oldest = 44, newest = 141)
[LOG] Manager::readBank                        : fileversion = 141, compatVersion = 140 (oldest = 44, newest = 141)
[LOG] PlaybackSystem::acquireMasterBus         : Setting master channel group format to 3
[LOG] SystemI::createSoundInternal             : Create name='', mode=0x02000202
[LOG] SystemI::createSoundInternal             : exinfo->cbsize             = 224
[LOG] SystemI::createSoundInternal             : exinfo->length             = 10380128
[LOG] SystemI::createSoundInternal             : exinfo->fileoffset         = 1628896
[LOG] SystemI::createSoundInternal             : exinfo->numsubsounds       = 1
[LOG] SystemI::createSoundInternal             : exinfo->inclusionlist      = 000000C523ECF5C8
[LOG] SystemI::createSoundInternal             : exinfo->inclusionlistnum   = 1
[LOG] SystemI::createSoundInternal             : exinfo->suggestedsoundtype = 5
[LOG] SystemI::createSoundInternal             : exinfo->useropen           = 00007FF8D58B0AD0
[LOG] SystemI::createSoundInternal             : exinfo->userclose          = 00007FF8D58B0AA0
[LOG] SystemI::createSoundInternal             : exinfo->userread           = 00007FF8D58B0BA0
[LOG] SystemI::createSoundInternal             : exinfo->userseek           = 00007FF8D58B0C60
[LOG] SystemI::createSoundInternal             : exinfo->fileuserdata       = 000002AF46C10278
[LOG] SystemI::createSoundInternal             : exinfo->initialseekpostype = 1
[LOG] SystemI::DSPCodecPoolRegister            : register codec pool for pool type 5
[LOG] SystemI::createSoundInternal             : Sample 0/1: name='stompLayer_2-001', format=5, channels=2, frequency=48000, lengthbytes=36672, lengthpcm=96005, pcmblocksize=0, loopstart=0, loopend=0, mode=0x00000000, channelmask=0x00000000, channelorder=0, peakvolume=0.114288.
[LOG] SystemI::createSoundInternal             : Create name='', mode=0x02000202
[LOG] SystemI::createSoundInternal             : exinfo->cbsize             = 224
[LOG] SystemI::createSoundInternal             : exinfo->length             = 10380128
[LOG] SystemI::createSoundInternal             : exinfo->fileoffset         = 1628896
[LOG] SystemI::createSoundInternal             : exinfo->numsubsounds       = 1
[LOG] SystemI::createSoundInternal             : exinfo->inclusionlist      = 000000C523ECF5C8
[LOG] SystemI::createSoundInternal             : exinfo->inclusionlistnum   = 1
[LOG] SystemI::createSoundInternal             : exinfo->suggestedsoundtype = 5
[LOG] SystemI::createSoundInternal             : exinfo->useropen           = 00007FF8D58B0AD0
[LOG] SystemI::createSoundInternal             : exinfo->userclose          = 00007FF8D58B0AA0
[LOG] SystemI::createSoundInternal             : exinfo->userread           = 00007FF8D58B0BA0
[LOG] SystemI::createSoundInternal             : exinfo->userseek           = 00007FF8D58B0C60
[LOG] SystemI::createSoundInternal             : exinfo->fileuserdata       = 000002AF46C10278
[LOG] SystemI::createSoundInternal             : exinfo->initialseekpostype = 1
[LOG] SystemI::DSPCodecPoolRegister            : register codec pool for pool type 5
[LOG] SystemI::createSoundInternal             : Sample 0/1: name='groundHit_80_4_Mono', format=5, channels=1, frequency=48000, lengthbytes=18656, lengthpcm=96000, pcmblocksize=0, loopstart=0, loopend=0, mode=0x00000000, channelmask=0x00000000, channelorder=0, peakvolume=0.138672.
[LOG] SystemI::createSoundInternal             : Create name='', mode=0x02000202
[LOG] SystemI::createSoundInternal             : exinfo->cbsize             = 224
[LOG] SystemI::createSoundInternal             : exinfo->length             = 10380128
[LOG] SystemI::createSoundInternal             : exinfo->fileoffset         = 1628896
[LOG] SystemI::createSoundInternal             : exinfo->numsubsounds       = 1
[LOG] SystemI::createSoundInternal             : exinfo->inclusionlist      = 000000C523ECF5C8
[LOG] SystemI::createSoundInternal             : exinfo->inclusionlistnum   = 1
[LOG] SystemI::createSoundInternal             : exinfo->suggestedsoundtype = 5
[LOG] SystemI::createSoundInternal             : exinfo->useropen           = 00007FF8D58B0AD0
[LOG] SystemI::createSoundInternal             : exinfo->userclose          = 00007FF8D58B0AA0
[LOG] SystemI::createSoundInternal             : exinfo->userread           = 00007FF8D58B0BA0
[LOG] SystemI::createSoundInternal             : exinfo->userseek           = 00007FF8D58B0C60
[LOG] SystemI::createSoundInternal             : exinfo->fileuserdata       = 000002AF46C10278
[LOG] SystemI::createSoundInternal             : exinfo->initialseekpostype = 1
[LOG] SystemI::DSPCodecPoolRegister            : register codec pool for pool type 5
[LOG] SystemI::createSoundInternal             : Sample 0/1: name='groundHit_80_3_Mono', format=5, channels=1, frequency=48000, lengthbytes=18400, lengthpcm=96000, pcmblocksize=0, loopstart=0, loopend=0, mode=0x00000000, channelmask=0x00000000, channelorder=0, peakvolume=0.123749.
[LOG] SystemI::createSoundInternal             : Create name='', mode=0x02000202
[LOG] SystemI::createSoundInternal             : exinfo->cbsize             = 224
[LOG] SystemI::createSoundInternal             : exinfo->length             = 10380128
[LOG] SystemI::createSoundInternal             : exinfo->fileoffset         = 1628896
[LOG] SystemI::createSoundInternal             : exinfo->numsubsounds       = 1
[LOG] SystemI::createSoundInternal             : exinfo->inclusionlist      = 000000C523ECF5C8
[LOG] SystemI::createSoundInternal             : exinfo->inclusionlistnum   = 1
[LOG] SystemI::createSoundInternal             : exinfo->suggestedsoundtype = 5
[LOG] SystemI::createSoundInternal             : exinfo->useropen           = 00007FF8D58B0AD0
[LOG] SystemI::createSoundInternal             : exinfo->userclose          = 00007FF8D58B0AA0
[LOG] SystemI::createSoundInternal             : exinfo->userread           = 00007FF8D58B0BA0
[LOG] SystemI::createSoundInternal             : exinfo->userseek           = 00007FF8D58B0C60
[LOG] SystemI::createSoundInternal             : exinfo->fileuserdata       = 000002AF46C10278
[LOG] SystemI::createSoundInternal             : exinfo->initialseekpostype = 1
[LOG] SystemI::DSPCodecPoolRegister            : register codec pool for pool type 5
[LOG] SystemI::createSoundInternal             : Sample 0/1: name='groundHit_80_1_Mono', format=5, channels=1, frequency=48000, lengthbytes=18688, lengthpcm=96000, pcmblocksize=0, loopstart=0, loopend=0, mode=0x00000000, channelmask=0x00000000, channelorder=0, peakvolume=0.189667.
[LOG] SystemI::createSoundInternal             : Create name='', mode=0x02000202
[LOG] SystemI::createSoundInternal             : exinfo->cbsize             = 224
[LOG] SystemI::createSoundInternal             : exinfo->length             = 10380128
[LOG] SystemI::createSoundInternal             : exinfo->fileoffset         = 1628896
[LOG] SystemI::createSoundInternal             : exinfo->numsubsounds       = 1
[LOG] SystemI::createSoundInternal             : exinfo->inclusionlist      = 000000C523ECF5C8
[LOG] SystemI::createSoundInternal             : exinfo->inclusionlistnum   = 1
[LOG] SystemI::createSoundInternal             : exinfo->suggestedsoundtype = 5
[LOG] SystemI::createSoundInternal             : exinfo->useropen           = 00007FF8D58B0AD0
[LOG] SystemI::createSoundInternal             : exinfo->userclose          = 00007FF8D58B0AA0
[LOG] SystemI::createSoundInternal             : exinfo->userread           = 00007FF8D58B0BA0
[LOG] SystemI::createSoundInternal             : exinfo->userseek           = 00007FF8D58B0C60
[LOG] SystemI::createSoundInternal             : exinfo->fileuserdata       = 000002AF46C10278
[LOG] SystemI::createSoundInternal             : exinfo->initialseekpostype = 1
[LOG] SystemI::DSPCodecPoolRegister            : register codec pool for pool type 5
[LOG] SystemI::createSoundInternal             : Sample 0/1: name='groundHit_80_2_Mono', format=5, channels=1, frequency=48000, lengthbytes=18656, lengthpcm=96000, pcmblocksize=0, loopstart=0, loopend=0, mode=0x00000000, channelmask=0x00000000, channelorder=0, peakvolume=0.134460.
[WRN] FMOD_OS_Net_Listen                       : Cannot listen for connections, port 9264 is currently in use.
[WRN] FMOD_OS_Net_Listen                       : Cannot listen for connections, port 9264 is currently in use.
[LOG] SystemI::createSoundInternal             : Create name='', mode=0x02000202
[LOG] SystemI::createSoundInternal             : exinfo->cbsize             = 224
[LOG] SystemI::createSoundInternal             : exinfo->length             = 10380128
[LOG] SystemI::createSoundInternal             : exinfo->fileoffset         = 1628896
[LOG] SystemI::createSoundInternal             : exinfo->numsubsounds       = 1
[LOG] SystemI::createSoundInternal             : exinfo->inclusionlist      = 000000C523ECF5C8
[LOG] SystemI::createSoundInternal             : exinfo->inclusionlistnum   = 1
[LOG] SystemI::createSoundInternal             : exinfo->suggestedsoundtype = 5
[LOG] SystemI::createSoundInternal             : exinfo->useropen           = 00007FF8D58B0AD0
[LOG] SystemI::createSoundInternal             : exinfo->userclose          = 00007FF8D58B0AA0
[LOG] SystemI::createSoundInternal             : exinfo->userread           = 00007FF8D58B0BA0
[LOG] SystemI::createSoundInternal             : exinfo->userseek           = 00007FF8D58B0C60
[LOG] SystemI::createSoundInternal             : exinfo->fileuserdata       = 000002AF47079EE8
[LOG] SystemI::createSoundInternal             : exinfo->initialseekpostype = 1
[LOG] SystemI::DSPCodecPoolRegister            : register codec pool for pool type 5
[LOG] SystemI::createSoundInternal             : Sample 0/1: name='groundHit_100_1_Mono', format=5, channels=1, frequency=48000, lengthbytes=18304, lengthpcm=96000, pcmblocksize=0, loopstart=0, loopend=0, mode=0x00000000, channelmask=0x00000000, channelorder=0, peakvolume=0.351105.
[LOG] SystemI::createSoundInternal             : Create name='', mode=0x02000202
[LOG] SystemI::createSoundInternal             : exinfo->cbsize             = 224
[LOG] SystemI::createSoundInternal             : exinfo->length             = 10380128
[LOG] SystemI::createSoundInternal             : exinfo->fileoffset         = 1628896
[LOG] SystemI::createSoundInternal             : exinfo->numsubsounds       = 1
[LOG] SystemI::createSoundInternal             : exinfo->inclusionlist      = 000000C523ECF5C8
[LOG] SystemI::createSoundInternal             : exinfo->inclusionlistnum   = 1
[LOG] SystemI::createSoundInternal             : exinfo->suggestedsoundtype = 5
[LOG] SystemI::createSoundInternal             : exinfo->useropen           = 00007FF8D58B0AD0
[LOG] SystemI::createSoundInternal             : exinfo->userclose          = 00007FF8D58B0AA0
[LOG] SystemI::createSoundInternal             : exinfo->userread           = 00007FF8D58B0BA0
[LOG] SystemI::createSoundInternal             : exinfo->userseek           = 00007FF8D58B0C60
[LOG] SystemI::createSoundInternal             : exinfo->fileuserdata       = 000002AF47079EE8
[LOG] SystemI::createSoundInternal             : exinfo->initialseekpostype = 1
[LOG] SystemI::DSPCodecPoolRegister            : register codec pool for pool type 5
[LOG] SystemI::createSoundInternal             : Sample 0/1: name='groundHit_100_4_Mono', format=5, channels=1, frequency=48000, lengthbytes=17856, lengthpcm=96000, pcmblocksize=0, loopstart=0, loopend=0, mode=0x00000000, channelmask=0x00000000, channelorder=0, peakvolume=0.371582.
[LOG] SystemI::createSoundInternal             : Create name='', mode=0x02000202
[LOG] SystemI::createSoundInternal             : exinfo->cbsize             = 224
[LOG] SystemI::createSoundInternal             : exinfo->length             = 10380128
[LOG] SystemI::createSoundInternal             : exinfo->fileoffset         = 1628896
[LOG] SystemI::createSoundInternal             : exinfo->numsubsounds       = 1
[LOG] SystemI::createSoundInternal             : exinfo->inclusionlist      = 000000C523ECF5C8
[LOG] SystemI::createSoundInternal             : exinfo->inclusionlistnum   = 1
[LOG] SystemI::createSoundInternal             : exinfo->suggestedsoundtype = 5
[LOG] SystemI::createSoundInternal             : exinfo->useropen           = 00007FF8D58B0AD0
[LOG] SystemI::createSoundInternal             : exinfo->userclose          = 00007FF8D58B0AA0
[LOG] SystemI::createSoundInternal             : exinfo->userread           = 00007FF8D58B0BA0
[LOG] SystemI::createSoundInternal             : exinfo->userseek           = 00007FF8D58B0C60
[LOG] SystemI::createSoundInternal             : exinfo->fileuserdata       = 000002AF47079EE8
[LOG] SystemI::createSoundInternal             : exinfo->initialseekpostype = 1
[LOG] SystemI::DSPCodecPoolRegister            : register codec pool for pool type 5
[LOG] SystemI::createSoundInternal             : Sample 0/1: name='groundHit_100_2_Mono', format=5, channels=1, frequency=48000, lengthbytes=18176, lengthpcm=96000, pcmblocksize=0, loopstart=0, loopend=0, mode=0x00000000, channelmask=0x00000000, channelorder=0, peakvolume=0.289673.
[LOG] SystemI::createSoundInternal             : Create name='', mode=0x02000202
[LOG] SystemI::createSoundInternal             : exinfo->cbsize             = 224
[LOG] SystemI::createSoundInternal             : exinfo->length             = 10380128
[LOG] SystemI::createSoundInternal             : exinfo->fileoffset         = 1628896
[LOG] SystemI::createSoundInternal             : exinfo->numsubsounds       = 1
[LOG] SystemI::createSoundInternal             : exinfo->inclusionlist      = 000000C523ECF5C8
[LOG] SystemI::createSoundInternal             : exinfo->inclusionlistnum   = 1
[LOG] SystemI::createSoundInternal             : exinfo->suggestedsoundtype = 5
[LOG] SystemI::createSoundInternal             : exinfo->useropen           = 00007FF8D58B0AD0
[LOG] SystemI::createSoundInternal             : exinfo->userclose          = 00007FF8D58B0AA0
[LOG] SystemI::createSoundInternal             : exinfo->userread           = 00007FF8D58B0BA0
[LOG] SystemI::createSoundInternal             : exinfo->userseek           = 00007FF8D58B0C60
[LOG] SystemI::createSoundInternal             : exinfo->fileuserdata       = 000002AF47079EE8
[LOG] SystemI::createSoundInternal             : exinfo->initialseekpostype = 1
[LOG] SystemI::DSPCodecPoolRegister            : register codec pool for pool type 5
[LOG] SystemI::createSoundInternal             : Sample 0/1: name='groundHit_100_3_Mono', format=5, channels=1, frequency=48000, lengthbytes=18016, lengthpcm=96000, pcmblocksize=0, loopstart=0, loopend=0, mode=0x00000000, channelmask=0x00000000, channelorder=0, peakvolume=0.306610.
[WRN] FMOD_OS_Net_Listen                       : Cannot listen for connections, port 9264 is currently in use.
[LOG] SystemI::createSoundInternal             : Create name='', mode=0x02000202
[LOG] SystemI::createSoundInternal             : exinfo->cbsize             = 224
[LOG] SystemI::createSoundInternal             : exinfo->length             = 10380128
[LOG] SystemI::createSoundInternal             : exinfo->fileoffset         = 1628896
[LOG] SystemI::createSoundInternal             : exinfo->numsubsounds       = 1
[LOG] SystemI::createSoundInternal             : exinfo->inclusionlist      = 000000C523ECF5C8
[LOG] SystemI::createSoundInternal             : exinfo->inclusionlistnum   = 1
[LOG] SystemI::createSoundInternal             : exinfo->suggestedsoundtype = 5
[LOG] SystemI::createSoundInternal             : exinfo->useropen           = 00007FF8D58B0AD0
[LOG] SystemI::createSoundInternal             : exinfo->userclose          = 00007FF8D58B0AA0
[LOG] SystemI::createSoundInternal             : exinfo->userread           = 00007FF8D58B0BA0
[LOG] SystemI::createSoundInternal             : exinfo->userseek           = 00007FF8D58B0C60
[LOG] SystemI::createSoundInternal             : exinfo->fileuserdata       = 000002AF8C5B74D8
[LOG] SystemI::createSoundInternal             : exinfo->initialseekpostype = 1
[LOG] SystemI::DSPCodecPoolRegister            : register codec pool for pool type 5
[LOG] SystemI::createSoundInternal             : Sample 0/1: name='hit_100_2_Mono', format=5, channels=1, frequency=48000, lengthbytes=17312, lengthpcm=96000, pcmblocksize=0, loopstart=0, loopend=0, mode=0x00000000, channelmask=0x00000000, channelorder=0, peakvolume=0.585876.
[LOG] SystemI::createSoundInternal             : Create name='', mode=0x02000202
[LOG] SystemI::createSoundInternal             : exinfo->cbsize             = 224
[LOG] SystemI::createSoundInternal             : exinfo->length             = 10380128
[LOG] SystemI::createSoundInternal             : exinfo->fileoffset         = 1628896
[LOG] SystemI::createSoundInternal             : exinfo->numsubsounds       = 1
[LOG] SystemI::createSoundInternal             : exinfo->inclusionlist      = 000000C523ECF5C8
[LOG] SystemI::createSoundInternal             : exinfo->inclusionlistnum   = 1
[LOG] SystemI::createSoundInternal             : exinfo->suggestedsoundtype = 5
[LOG] SystemI::createSoundInternal             : exinfo->useropen           = 00007FF8D58B0AD0
[LOG] SystemI::createSoundInternal             : exinfo->userclose          = 00007FF8D58B0AA0
[LOG] SystemI::createSoundInternal             : exinfo->userread           = 00007FF8D58B0BA0
[LOG] SystemI::createSoundInternal             : exinfo->userseek           = 00007FF8D58B0C60
[LOG] SystemI::createSoundInternal             : exinfo->fileuserdata       = 000002AF8C5B74D8
[LOG] SystemI::createSoundInternal             : exinfo->initialseekpostype = 1
[LOG] SystemI::DSPCodecPoolRegister            : register codec pool for pool type 5
[LOG] SystemI::createSoundInternal             : Sample 0/1: name='hit_100_1_Mono', format=5, channels=1, frequency=48000, lengthbytes=16896, lengthpcm=96000, pcmblocksize=0, loopstart=0, loopend=0, mode=0x00000000, channelmask=0x00000000, channelorder=0, peakvolume=0.626221.
[LOG] SystemI::createSoundInternal             : Create name='', mode=0x02000202
[LOG] SystemI::createSoundInternal             : exinfo->cbsize             = 224
[LOG] SystemI::createSoundInternal             : exinfo->length             = 10380128
[LOG] SystemI::createSoundInternal             : exinfo->fileoffset         = 1628896
[LOG] SystemI::createSoundInternal             : exinfo->numsubsounds       = 1
[LOG] SystemI::createSoundInternal             : exinfo->inclusionlist      = 000000C523ECF5C8
[LOG] SystemI::createSoundInternal             : exinfo->inclusionlistnum   = 1
[LOG] SystemI::createSoundInternal             : exinfo->suggestedsoundtype = 5
[LOG] SystemI::createSoundInternal             : exinfo->useropen           = 00007FF8D58B0AD0
[LOG] SystemI::createSoundInternal             : exinfo->userclose          = 00007FF8D58B0AA0
[LOG] SystemI::createSoundInternal             : exinfo->userread           = 00007FF8D58B0BA0
[LOG] SystemI::createSoundInternal             : exinfo->userseek           = 00007FF8D58B0C60
[LOG] SystemI::createSoundInternal             : exinfo->fileuserdata       = 000002AF8C5B74D8
[LOG] SystemI::createSoundInternal             : exinfo->initialseekpostype = 1
[LOG] SystemI::DSPCodecPoolRegister            : register codec pool for pool type 5
[LOG] SystemI::createSoundInternal             : Sample 0/1: name='hit_100_3_Mono', format=5, channels=1, frequency=48000, lengthbytes=17152, lengthpcm=96000, pcmblocksize=0, loopstart=0, loopend=0, mode=0x00000000, channelmask=0x00000000, channelorder=0, peakvolume=0.623016.
[LOG] SystemI::createSoundInternal             : Create name='', mode=0x02000202
[LOG] SystemI::createSoundInternal             : exinfo->cbsize             = 224
[LOG] SystemI::createSoundInternal             : exinfo->length             = 10380128
[LOG] SystemI::createSoundInternal             : exinfo->fileoffset         = 1628896
[LOG] SystemI::createSoundInternal             : exinfo->numsubsounds       = 1
[LOG] SystemI::createSoundInternal             : exinfo->inclusionlist      = 000000C523ECF5C8
[LOG] SystemI::createSoundInternal             : exinfo->inclusionlistnum   = 1
[LOG] SystemI::createSoundInternal             : exinfo->suggestedsoundtype = 5
[LOG] SystemI::createSoundInternal             : exinfo->useropen           = 00007FF8D58B0AD0
[LOG] SystemI::createSoundInternal             : exinfo->userclose          = 00007FF8D58B0AA0
[LOG] SystemI::createSoundInternal             : exinfo->userread           = 00007FF8D58B0BA0
[LOG] SystemI::createSoundInternal             : exinfo->userseek           = 00007FF8D58B0C60
[LOG] SystemI::createSoundInternal             : exinfo->fileuserdata       = 000002AF8C5B74D8
[LOG] SystemI::createSoundInternal             : exinfo->initialseekpostype = 1
[LOG] SystemI::DSPCodecPoolRegister            : register codec pool for pool type 5
[LOG] SystemI::createSoundInternal             : Sample 0/1: name='hit_100_4_Mono', format=5, channels=1, frequency=48000, lengthbytes=17280, lengthpcm=96000, pcmblocksize=0, loopstart=0, loopend=0, mode=0x00000000, channelmask=0x00000000, channelorder=0, peakvolume=0.587341.
[LOG] SystemI::createSoundInternal             : Create name='', mode=0x02000202
[LOG] SystemI::createSoundInternal             : exinfo->cbsize             = 224
[LOG] SystemI::createSoundInternal             : exinfo->length             = 10380128
[LOG] SystemI::createSoundInternal             : exinfo->fileoffset         = 1628896
[LOG] SystemI::createSoundInternal             : exinfo->numsubsounds       = 1
[LOG] SystemI::createSoundInternal             : exinfo->inclusionlist      = 000000C523ECF5C8
[LOG] SystemI::createSoundInternal             : exinfo->inclusionlistnum   = 1
[LOG] SystemI::createSoundInternal             : exinfo->suggestedsoundtype = 5
[LOG] SystemI::createSoundInternal             : exinfo->useropen           = 00007FF8D58B0AD0
[LOG] SystemI::createSoundInternal             : exinfo->userclose          = 00007FF8D58B0AA0
[LOG] SystemI::createSoundInternal             : exinfo->userread           = 00007FF8D58B0BA0
[LOG] SystemI::createSoundInternal             : exinfo->userseek           = 00007FF8D58B0C60
[LOG] SystemI::createSoundInternal             : exinfo->fileuserdata       = 000002AF72D915D8
[LOG] SystemI::createSoundInternal             : exinfo->initialseekpostype = 1
[LOG] SystemI::DSPCodecPoolRegister            : register codec pool for pool type 5
[LOG] SystemI::createSoundInternal             : Sample 0/1: name='hit_60_3_Mono', format=5, channels=1, frequency=48000, lengthbytes=16064, lengthpcm=96000, pcmblocksize=0, loopstart=0, loopend=0, mode=0x00000000, channelmask=0x00000000, channelorder=0, peakvolume=0.168640.
[LOG] SystemI::createSoundInternal             : Create name='', mode=0x02000202
[LOG] SystemI::createSoundInternal             : exinfo->cbsize             = 224
[LOG] SystemI::createSoundInternal             : exinfo->length             = 10380128
[LOG] SystemI::createSoundInternal             : exinfo->fileoffset         = 1628896
[LOG] SystemI::createSoundInternal             : exinfo->numsubsounds       = 1
[LOG] SystemI::createSoundInternal             : exinfo->inclusionlist      = 000000C523ECF5C8
[LOG] SystemI::createSoundInternal             : exinfo->inclusionlistnum   = 1
[LOG] SystemI::createSoundInternal             : exinfo->suggestedsoundtype = 5
[LOG] SystemI::createSoundInternal             : exinfo->useropen           = 00007FF8D58B0AD0
[LOG] SystemI::createSoundInternal             : exinfo->userclose          = 00007FF8D58B0AA0
[LOG] SystemI::createSoundInternal             : exinfo->userread           = 00007FF8D58B0BA0
[LOG] SystemI::createSoundInternal             : exinfo->userseek           = 00007FF8D58B0C60
[LOG] SystemI::createSoundInternal             : exinfo->fileuserdata       = 000002AF72D915D8
[LOG] SystemI::createSoundInternal             : exinfo->initialseekpostype = 1
[LOG] SystemI::DSPCodecPoolRegister            : register codec pool for pool type 5
[LOG] SystemI::createSoundInternal             : Sample 0/1: name='hit_60_4_Mono', format=5, channels=1, frequency=48000, lengthbytes=16800, lengthpcm=96000, pcmblocksize=0, loopstart=0, loopend=0, mode=0x00000000, channelmask=0x00000000, channelorder=0, peakvolume=0.217346.
[LOG] SystemI::createSoundInternal             : Create name='', mode=0x02000202
[LOG] SystemI::createSoundInternal             : exinfo->cbsize             = 224
[LOG] SystemI::createSoundInternal             : exinfo->length             = 10380128
[LOG] SystemI::createSoundInternal             : exinfo->fileoffset         = 1628896
[LOG] SystemI::createSoundInternal             : exinfo->numsubsounds       = 1
[LOG] SystemI::createSoundInternal             : exinfo->inclusionlist      = 000000C523ECF5C8
[LOG] SystemI::createSoundInternal             : exinfo->inclusionlistnum   = 1
[LOG] SystemI::createSoundInternal             : exinfo->suggestedsoundtype = 5
[LOG] SystemI::createSoundInternal             : exinfo->useropen           = 00007FF8D58B0AD0
[LOG] SystemI::createSoundInternal             : exinfo->userclose          = 00007FF8D58B0AA0
[LOG] SystemI::createSoundInternal             : exinfo->userread           = 00007FF8D58B0BA0
[LOG] SystemI::createSoundInternal             : exinfo->userseek           = 00007FF8D58B0C60
[LOG] SystemI::createSoundInternal             : exinfo->fileuserdata       = 000002AF72D915D8
[LOG] SystemI::createSoundInternal             : exinfo->initialseekpostype = 1
[LOG] SystemI::DSPCodecPoolRegister            : register codec pool for pool type 5
[LOG] SystemI::createSoundInternal             : Sample 0/1: name='hit_60_1_Mono', format=5, channels=1, frequency=48000, lengthbytes=16224, lengthpcm=96000, pcmblocksize=0, loopstart=0, loopend=0, mode=0x00000000, channelmask=0x00000000, channelorder=0, peakvolume=0.167755.
[LOG] SystemI::createSoundInternal             : Create name='', mode=0x02000202
[LOG] SystemI::createSoundInternal             : exinfo->cbsize             = 224
[LOG] SystemI::createSoundInternal             : exinfo->length             = 10380128
[LOG] SystemI::createSoundInternal             : exinfo->fileoffset         = 1628896
[LOG] SystemI::createSoundInternal             : exinfo->numsubsounds       = 1
[LOG] SystemI::createSoundInternal             : exinfo->inclusionlist      = 000000C523ECF5C8
[LOG] SystemI::createSoundInternal             : exinfo->inclusionlistnum   = 1
[LOG] SystemI::createSoundInternal             : exinfo->suggestedsoundtype = 5
[LOG] SystemI::createSoundInternal             : exinfo->useropen           = 00007FF8D58B0AD0
[LOG] SystemI::createSoundInternal             : exinfo->userclose          = 00007FF8D58B0AA0
[LOG] SystemI::createSoundInternal             : exinfo->userread           = 00007FF8D58B0BA0
[LOG] SystemI::createSoundInternal             : exinfo->userseek           = 00007FF8D58B0C60
[LOG] SystemI::createSoundInternal             : exinfo->fileuserdata       = 000002AF72D915D8
[LOG] SystemI::createSoundInternal             : exinfo->initialseekpostype = 1
[LOG] SystemI::DSPCodecPoolRegister            : register codec pool for pool type 5
[LOG] SystemI::createSoundInternal             : Sample 0/1: name='hit_60_2_Mono', format=5, channels=1, frequency=48000, lengthbytes=16544, lengthpcm=96000, pcmblocksize=0, loopstart=0, loopend=0, mode=0x00000000, channelmask=0x00000000, channelorder=0, peakvolume=0.246063.
[LOG] SystemI::createSound                     : filename = Assets/Fmod/WashingMachineFMOD/Build/Desktop/Master.bank : mode 02010082
[LOG] SystemI::createSound                     : FMOD_NONBLOCKING specified.  Putting into queue to be opened asynchronously!
[LOG] SystemI::createSound                     : setdata soundi = 000002B043812738 : node = 000002B0439D8CE0
[LOG] SystemI::createSound                     : add node to async list : head = 000002AF435FEC98.  list count = 0
[LOG] AsyncThread::threadFunc                  : Starting Asynchronous operation on sound 000002B043812738
[LOG] SystemI::createSoundInternal             :     Create name='Assets/Fmod/WashingMachineFMOD/Build/Desktop/Master.bank', mode=0x02010082
[LOG] SystemI::createSoundInternal             :     exinfo->cbsize             = 224
[LOG] SystemI::createSoundInternal             :     exinfo->length             = 10380128
[LOG] SystemI::createSoundInternal             :     exinfo->fileoffset         = 1628896
[LOG] SystemI::createSoundInternal             :     exinfo->numsubsounds       = 1
[LOG] SystemI::createSoundInternal             :     exinfo->inclusionlist      = 000002B0439D8DF0
[LOG] SystemI::createSoundInternal             :     exinfo->inclusionlistnum   = 1
[LOG] SystemI::createSoundInternal             :     exinfo->suggestedsoundtype = 5
[LOG] SystemI::createSoundInternal             :     exinfo->initialseekpostype = 1
[LOG] SystemI::createSoundInternal             :     Stream 0/1: name='WashingMachineLoop1_mono', format=5, channels=1, frequency=48000, lengthbytes=313664, lengthpcm=1536000, pcmblocksize=0, loopstart=0, loopend=0, mode=0x00000000, channelmask=0x00000000, channelorder=0, peakvolume=0.040771.
[LOG] AsyncThread::threadFunc                  : Finished Asynchronous operation on sound 000002B043812738
[LOG] AsyncThread::threadFunc                  : Starting Asynchronous operation on sound 000002B02C551A28
[LOG] AsyncThread::threadFunc                  : Finished Asynchronous operation on sound 000002B02C551A28
[WRN] FMOD_OS_Net_Listen                       : Cannot listen for connections, port 9264 is currently in use.
[LOG] SoundI::release                          : WashingMachineLoop1_mono (000002AF7B9E7F38)
[LOG] SoundI::release                          :     WashingMachineLoop1_mono (000002AF9F36A6F8)
[LOG] SoundI::release                          :     WashingMachineLoop1_mono (000002AF91905008)
[WRN] FMOD_OS_Net_Listen                       : Cannot listen for connections, port 9264 is currently in use.
[WRN] FMOD_OS_Net_Listen                       : Cannot listen for connections, port 9264 is currently in use.
[WRN] FMOD_OS_Net_Listen                       : Cannot listen for connections, port 9264 is currently in use.
[LOG] SystemI::createSound                     : filename = Assets/Fmod/WashingMachineFMOD/Build/Desktop/Master.bank : mode 02010082
[LOG] SystemI::createSound                     : FMOD_NONBLOCKING specified.  Putting into queue to be opened asynchronously!
[LOG] SystemI::createSound                     : setdata soundi = 000002AF7B9E5D78 : node = 000002AF7F93F390
[LOG] SystemI::createSound                     : add node to async list : head = 000002AF435FEC98.  list count = 0
[LOG] AsyncThread::threadFunc                  : Starting Asynchronous operation on sound 000002AF7B9E5D78
[LOG] SystemI::createSoundInternal             :     Create name='Assets/Fmod/WashingMachineFMOD/Build/Desktop/Master.bank', mode=0x02010082
[LOG] SystemI::createSoundInternal             :     exinfo->cbsize             = 224
[LOG] SystemI::createSoundInternal             :     exinfo->length             = 10380128
[LOG] SystemI::createSoundInternal             :     exinfo->fileoffset         = 1628896
[LOG] SystemI::createSoundInternal             :     exinfo->numsubsounds       = 1
[LOG] SystemI::createSoundInternal             :     exinfo->inclusionlist      = 000002AF7F93F4A0
[LOG] SystemI::createSoundInternal             :     exinfo->inclusionlistnum   = 1
[LOG] SystemI::createSoundInternal             :     exinfo->suggestedsoundtype = 5
[LOG] SystemI::createSoundInternal             :     exinfo->initialseekpostype = 1
[LOG] SystemI::createSoundInternal             :     Stream 0/1: name='WashingMachineLoop1_mono', format=5, channels=1, frequency=48000, lengthbytes=313664, lengthpcm=1536000, pcmblocksize=0, loopstart=0, loopend=0, mode=0x00000000, channelmask=0x00000000, channelorder=0, peakvolume=0.040771.
[LOG] AsyncThread::threadFunc                  : Finished Asynchronous operation on sound 000002AF7B9E5D78
[LOG] AsyncThread::threadFunc                  : Starting Asynchronous operation on sound 000002AF9F589AA8
[LOG] AsyncThread::threadFunc                  : Finished Asynchronous operation on sound 000002AF9F589AA8
[WRN] FMOD_OS_Net_Listen                       : Cannot listen for connections, port 9264 is currently in use.
[LOG] SoundI::release                          : WashingMachineLoop1_mono (000002B043812738)
[LOG] SoundI::release                          :     WashingMachineLoop1_mono (000002B02C938708)
[LOG] SoundI::release                          :     WashingMachineLoop1_mono (000002B02C551A28)
[LOG] SystemI::createSoundInternal             : Create name='', mode=0x02000202
[LOG] SystemI::createSoundInternal             : exinfo->cbsize             = 224
[LOG] SystemI::createSoundInternal             : exinfo->length             = 10380128
[LOG] SystemI::createSoundInternal             : exinfo->fileoffset         = 1628896
[LOG] SystemI::createSoundInternal             : exinfo->numsubsounds       = 1
[LOG] SystemI::createSoundInternal             : exinfo->inclusionlist      = 000000C523ECF5C8
[LOG] SystemI::createSoundInternal             : exinfo->inclusionlistnum   = 1
[LOG] SystemI::createSoundInternal             : exinfo->suggestedsoundtype = 5
[LOG] SystemI::createSoundInternal             : exinfo->useropen           = 00007FF8D58B0AD0
[LOG] SystemI::createSoundInternal             : exinfo->userclose          = 00007FF8D58B0AA0
[LOG] SystemI::createSoundInternal             : exinfo->userread           = 00007FF8D58B0BA0
[LOG] SystemI::createSoundInternal             : exinfo->userseek           = 00007FF8D58B0C60
[LOG] SystemI::createSoundInternal             : exinfo->fileuserdata       = 000002B043783A38
[LOG] SystemI::createSoundInternal             : exinfo->initialseekpostype = 1
[LOG] SystemI::DSPCodecPoolRegister            : register codec pool for pool type 5
[LOG] SystemI::createSoundInternal             : Sample 0/1: name='hit_80_2_Mono', format=5, channels=1, frequency=48000, lengthbytes=16320, lengthpcm=96000, pcmblocksize=0, loopstart=0, loopend=0, mode=0x00000000, channelmask=0x00000000, channelorder=0, peakvolume=0.224335.
[LOG] SystemI::createSoundInternal             : Create name='', mode=0x02000202
[LOG] SystemI::createSoundInternal             : exinfo->cbsize             = 224
[LOG] SystemI::createSoundInternal             : exinfo->length             = 10380128
[LOG] SystemI::createSoundInternal             : exinfo->fileoffset         = 1628896
[LOG] SystemI::createSoundInternal             : exinfo->numsubsounds       = 1
[LOG] SystemI::createSoundInternal             : exinfo->inclusionlist      = 000000C523ECF5C8
[LOG] SystemI::createSoundInternal             : exinfo->inclusionlistnum   = 1
[LOG] SystemI::createSoundInternal             : exinfo->suggestedsoundtype = 5
[LOG] SystemI::createSoundInternal             : exinfo->useropen           = 00007FF8D58B0AD0
[LOG] SystemI::createSoundInternal             : exinfo->userclose          = 00007FF8D58B0AA0
[LOG] SystemI::createSoundInternal             : exinfo->userread           = 00007FF8D58B0BA0
[LOG] SystemI::createSoundInternal             : exinfo->userseek           = 00007FF8D58B0C60
[LOG] SystemI::createSoundInternal             : exinfo->fileuserdata       = 000002B043783A38
[LOG] SystemI::createSoundInternal             : exinfo->initialseekpostype = 1
[LOG] SystemI::DSPCodecPoolRegister            : register codec pool for pool type 5
[LOG] SystemI::createSoundInternal             : Sample 0/1: name='hit_80_1_Mono', format=5, channels=1, frequency=48000, lengthbytes=16736, lengthpcm=96000, pcmblocksize=0, loopstart=0, loopend=0, mode=0x00000000, channelmask=0x00000000, channelorder=0, peakvolume=0.255615.
[LOG] SystemI::createSoundInternal             : Create name='', mode=0x02000202
[LOG] SystemI::createSoundInternal             : exinfo->cbsize             = 224
[LOG] SystemI::createSoundInternal             : exinfo->length             = 10380128
[LOG] SystemI::createSoundInternal             : exinfo->fileoffset         = 1628896
[LOG] SystemI::createSoundInternal             : exinfo->numsubsounds       = 1
[LOG] SystemI::createSoundInternal             : exinfo->inclusionlist      = 000000C523ECF5C8
[LOG] SystemI::createSoundInternal             : exinfo->inclusionlistnum   = 1
[LOG] SystemI::createSoundInternal             : exinfo->suggestedsoundtype = 5
[LOG] SystemI::createSoundInternal             : exinfo->useropen           = 00007FF8D58B0AD0
[LOG] SystemI::createSoundInternal             : exinfo->userclose          = 00007FF8D58B0AA0
[LOG] SystemI::createSoundInternal             : exinfo->userread           = 00007FF8D58B0BA0
[LOG] SystemI::createSoundInternal             : exinfo->userseek           = 00007FF8D58B0C60
[LOG] SystemI::createSoundInternal             : exinfo->fileuserdata       = 000002B043783A38
[LOG] SystemI::createSoundInternal             : exinfo->initialseekpostype = 1
[LOG] SystemI::DSPCodecPoolRegister            : register codec pool for pool type 5
[LOG] SystemI::createSoundInternal             : Sample 0/1: name='hit_80_3_Mono', format=5, channels=1, frequency=48000, lengthbytes=16512, lengthpcm=96000, pcmblocksize=0, loopstart=0, loopend=0, mode=0x00000000, channelmask=0x00000000, channelorder=0, peakvolume=0.230591.
[LOG] SystemI::createSoundInternal             : Create name='', mode=0x02000202
[LOG] SystemI::createSoundInternal             : exinfo->cbsize             = 224
[LOG] SystemI::createSoundInternal             : exinfo->length             = 10380128
[LOG] SystemI::createSoundInternal             : exinfo->fileoffset         = 1628896
[LOG] SystemI::createSoundInternal             : exinfo->numsubsounds       = 1
[LOG] SystemI::createSoundInternal             : exinfo->inclusionlist      = 000000C523ECF5C8
[LOG] SystemI::createSoundInternal             : exinfo->inclusionlistnum   = 1
[LOG] SystemI::createSoundInternal             : exinfo->suggestedsoundtype = 5
[LOG] SystemI::createSoundInternal             : exinfo->useropen           = 00007FF8D58B0AD0
[LOG] SystemI::createSoundInternal             : exinfo->userclose          = 00007FF8D58B0AA0
[LOG] SystemI::createSoundInternal             : exinfo->userread           = 00007FF8D58B0BA0
[LOG] SystemI::createSoundInternal             : exinfo->userseek           = 00007FF8D58B0C60
[LOG] SystemI::createSoundInternal             : exinfo->fileuserdata       = 000002B043783A38
[LOG] SystemI::createSoundInternal             : exinfo->initialseekpostype = 1
[LOG] SystemI::DSPCodecPoolRegister            : register codec pool for pool type 5
[LOG] SystemI::createSoundInternal             : Sample 0/1: name='hit_80_4_Mono', format=5, channels=1, frequency=48000, lengthbytes=16864, lengthpcm=96000, pcmblocksize=0, loopstart=0, loopend=0, mode=0x00000000, channelmask=0x00000000, channelorder=0, peakvolume=0.183258.
[WRN] FMOD_OS_Net_Listen                       : Cannot listen for connections, port 9264 is currently in use.
[WRN] FMOD_OS_Net_Listen                       : Cannot listen for connections, port 9264 is currently in use.
[WRN] FMOD_OS_Net_Listen                       : Cannot listen for connections, port 9264 is currently in use.
[LOG] SystemI::createSound                     : filename = Assets/Fmod/WashingMachineFMOD/Build/Desktop/Master.bank : mode 02010082
[LOG] SystemI::createSound                     : FMOD_NONBLOCKING specified.  Putting into queue to be opened asynchronously!
[LOG] SystemI::createSound                     : setdata soundi = 000002AF7B9E5F28 : node = 000002AF7F93F250
[LOG] SystemI::createSound                     : add node to async list : head = 000002AF435FEC98.  list count = 0
[LOG] AsyncThread::threadFunc                  : Starting Asynchronous operation on sound 000002AF7B9E5F28
[LOG] SystemI::createSoundInternal             :     Create name='Assets/Fmod/WashingMachineFMOD/Build/Desktop/Master.bank', mode=0x02010082
[LOG] SystemI::createSoundInternal             :     exinfo->cbsize             = 224
[LOG] SystemI::createSoundInternal             :     exinfo->length             = 10380128
[LOG] SystemI::createSoundInternal             :     exinfo->fileoffset         = 1628896
[LOG] SystemI::createSoundInternal             :     exinfo->numsubsounds       = 1
[LOG] SystemI::createSoundInternal             :     exinfo->inclusionlist      = 000002AF7F93F360
[LOG] SystemI::createSoundInternal             :     exinfo->inclusionlistnum   = 1
[LOG] SystemI::createSoundInternal             :     exinfo->suggestedsoundtype = 5
[LOG] SystemI::createSoundInternal             :     exinfo->initialseekpostype = 1
[LOG] SystemI::createSoundInternal             :     Stream 0/1: name='WashingMachineLoop1_mono', format=5, channels=1, frequency=48000, lengthbytes=313664, lengthpcm=1536000, pcmblocksize=0, loopstart=0, loopend=0, mode=0x00000000, channelmask=0x00000000, channelorder=0, peakvolume=0.040771.
[LOG] AsyncThread::threadFunc                  : Finished Asynchronous operation on sound 000002AF7B9E5F28
[LOG] AsyncThread::threadFunc                  : Starting Asynchronous operation on sound 000002AF91904AF8
[LOG] AsyncThread::threadFunc                  : Finished Asynchronous operation on sound 000002AF91904AF8
[LOG] SoundI::release                          : WashingMachineLoop1_mono (000002AF7B9E5D78)
[LOG] SoundI::release                          :     WashingMachineLoop1_mono (000002B043724F28)
[LOG] SoundI::release                          :     WashingMachineLoop1_mono (000002AF9F589AA8)
[WRN] FMOD_OS_Net_Listen                       : Cannot listen for connections, port 9264 is currently in use.
[WRN] FMOD_OS_Net_Listen                       : Cannot listen for connections, port 9264 is currently in use.
[WRN] FMOD_OS_Net_Listen                       : Cannot listen for connections, port 9264 is currently in use.
[WRN] FMOD_OS_Net_Listen                       : Cannot listen for connections, port 9264 is currently in use.
[LOG] SystemI::createSound                     : filename = Assets/Fmod/WashingMachineFMOD/Build/Desktop/Master.bank : mode 02010082
[LOG] SystemI::createSound                     : FMOD_NONBLOCKING specified.  Putting into queue to be opened asynchronously!
[LOG] SystemI::createSound                     : setdata soundi = 000002AF9B935B18 : node = 000002AF77F51240
[LOG] SystemI::createSound                     : add node to async list : head = 000002AF435FEC98.  list count = 0
[LOG] AsyncThread::threadFunc                  : Starting Asynchronous operation on sound 000002AF9B935B18
[LOG] SystemI::createSoundInternal             :     Create name='Assets/Fmod/WashingMachineFMOD/Build/Desktop/Master.bank', mode=0x02010082
[LOG] SystemI::createSoundInternal             :     exinfo->cbsize             = 224
[LOG] SystemI::createSoundInternal             :     exinfo->length             = 10380128
[LOG] SystemI::createSoundInternal             :     exinfo->fileoffset         = 1628896
[LOG] SystemI::createSoundInternal             :     exinfo->numsubsounds       = 1
[LOG] SystemI::createSoundInternal             :     exinfo->inclusionlist      = 000002AF77F51350
[LOG] SystemI::createSoundInternal             :     exinfo->inclusionlistnum   = 1
[LOG] SystemI::createSoundInternal             :     exinfo->suggestedsoundtype = 5
[LOG] SystemI::createSoundInternal             :     exinfo->initialseekpostype = 1
[LOG] SystemI::createSoundInternal             :     Stream 0/1: name='WashingMachineLoop1_mono', format=5, channels=1, frequency=48000, lengthbytes=313664, lengthpcm=1536000, pcmblocksize=0, loopstart=0, loopend=0, mode=0x00000000, channelmask=0x00000000, channelorder=0, peakvolume=0.040771.
[LOG] AsyncThread::threadFunc                  : Finished Asynchronous operation on sound 000002AF9B935B18
[LOG] AsyncThread::threadFunc                  : Starting Asynchronous operation on sound 000002AF9F589AA8
[LOG] AsyncThread::threadFunc                  : Finished Asynchronous operation on sound 000002AF9F589AA8
[LOG] SoundI::release                          : WashingMachineLoop1_mono (000002AF7B9E5F28)
[LOG] SoundI::release                          :     WashingMachineLoop1_mono (000002AF78958C78)
[LOG] SoundI::release                          :     WashingMachineLoop1_mono (000002AF91904AF8)
[WRN] FMOD_OS_Net_Listen                       : Cannot listen for connections, port 9264 is currently in use.
[WRN] FMOD_OS_Net_Listen                       : Cannot listen for connections, port 9264 is currently in use.
[WRN] FMOD_OS_Net_Listen                       : Cannot listen for connections, port 9264 is currently in use.
[LOG] SystemI::createSound                     : filename = Assets/Fmod/WashingMachineFMOD/Build/Desktop/Master.bank : mode 02010082
[LOG] SystemI::createSound                     : FMOD_NONBLOCKING specified.  Putting into queue to be opened asynchronously!
[LOG] SystemI::createSound                     : setdata soundi = 000002AF91C54058 : node = 000002AF75BCD8D0
[LOG] SystemI::createSound                     : add node to async list : head = 000002AF435FEC98.  list count = 0
[LOG] AsyncThread::threadFunc                  : Starting Asynchronous operation on sound 000002AF91C54058
[LOG] SystemI::createSoundInternal             :     Create name='Assets/Fmod/WashingMachineFMOD/Build/Desktop/Master.bank', mode=0x02010082
[LOG] SystemI::createSoundInternal             :     exinfo->cbsize             = 224
[LOG] SystemI::createSoundInternal             :     exinfo->length             = 10380128
[LOG] SystemI::createSoundInternal             :     exinfo->fileoffset         = 1628896
[LOG] SystemI::createSoundInternal             :     exinfo->numsubsounds       = 1
[LOG] SystemI::createSoundInternal             :     exinfo->inclusionlist      = 000002AF75BCD9E0
[LOG] SystemI::createSoundInternal             :     exinfo->inclusionlistnum   = 1
[LOG] SystemI::createSoundInternal             :     exinfo->suggestedsoundtype = 5
[LOG] SystemI::createSoundInternal             :     exinfo->initialseekpostype = 1
[LOG] SystemI::createSoundInternal             :     Stream 0/1: name='WashingMachineLoop1_mono', format=5, channels=1, frequency=48000, lengthbytes=313664, lengthpcm=1536000, pcmblocksize=0, loopstart=0, loopend=0, mode=0x00000000, channelmask=0x00000000, channelorder=0, peakvolume=0.040771.
[LOG] AsyncThread::threadFunc                  : Finished Asynchronous operation on sound 000002AF91C54058
[WRN] FMOD_OS_Net_Listen                       : Cannot listen for connections, port 9264 is currently in use.
[LOG] AsyncThread::threadFunc                  : Starting Asynchronous operation on sound 000002AF72921978
[LOG] AsyncThread::threadFunc                  : Finished Asynchronous operation on sound 000002AF72921978
[LOG] SoundI::release                          : WashingMachineLoop1_mono (000002AF9B935B18)
[LOG] SoundI::release                          :     WashingMachineLoop1_mono (000002B043724F28)
[LOG] SoundI::release                          :     WashingMachineLoop1_mono (000002AF9F589AA8)
[WRN] FMOD_OS_Net_Listen                       : Cannot listen for connections, port 9264 is currently in use.
[WRN] FMOD_OS_Net_Listen                       : Cannot listen for connections, port 9264 is currently in use.
[WRN] FMOD_OS_Net_Listen                       : Cannot listen for connections, port 9264 is currently in use.
[LOG] SystemI::createSound                     : filename = Assets/Fmod/WashingMachineFMOD/Build/Desktop/Master.bank : mode 02010082
[LOG] SystemI::createSound                     : FMOD_NONBLOCKING specified.  Putting into queue to be opened asynchronously!
[LOG] SystemI::createSound                     : setdata soundi = 000002B043812A98 : node = 000002B0439D90A0
[LOG] SystemI::createSound                     : add node to async list : head = 000002AF435FEC98.  list count = 0
[LOG] AsyncThread::threadFunc                  : Starting Asynchronous operation on sound 000002B043812A98
[LOG] SystemI::createSoundInternal             :     Create name='Assets/Fmod/WashingMachineFMOD/Build/Desktop/Master.bank', mode=0x02010082
[LOG] SystemI::createSoundInternal             :     exinfo->cbsize             = 224
[LOG] SystemI::createSoundInternal             :     exinfo->length             = 10380128
[LOG] SystemI::createSoundInternal             :     exinfo->fileoffset         = 1628896
[LOG] SystemI::createSoundInternal             :     exinfo->numsubsounds       = 1
[LOG] SystemI::createSoundInternal             :     exinfo->inclusionlist      = 000002B0439D91B0
[LOG] SystemI::createSoundInternal             :     exinfo->inclusionlistnum   = 1
[LOG] SystemI::createSoundInternal             :     exinfo->suggestedsoundtype = 5
[LOG] SystemI::createSoundInternal             :     exinfo->initialseekpostype = 1
[LOG] SystemI::createSoundInternal             :     Stream 0/1: name='WashingMachineLoop1_mono', format=5, channels=1, frequency=48000, lengthbytes=313664, lengthpcm=1536000, pcmblocksize=0, loopstart=0, loopend=0, mode=0x00000000, channelmask=0x00000000, channelorder=0, peakvolume=0.040771.
[LOG] AsyncThread::threadFunc                  : Finished Asynchronous operation on sound 000002B043812A98
[LOG] AsyncThread::threadFunc                  : Starting Asynchronous operation on sound 000002AF91905008
[LOG] AsyncThread::threadFunc                  : Finished Asynchronous operation on sound 000002AF91905008
[WRN] FMOD_OS_Net_Listen                       : Cannot listen for connections, port 9264 is currently in use.
[LOG] SoundI::release                          : WashingMachineLoop1_mono (000002AF91C54058)
[LOG] SoundI::release                          :     WashingMachineLoop1_mono (000002AF73E59598)
[LOG] SoundI::release                          :     WashingMachineLoop1_mono (000002AF72921978)
[WRN] FMOD_OS_Net_Listen                       : Cannot listen for connections, port 9264 is currently in use.
[WRN] FMOD_OS_Net_Listen                       : Cannot listen for connections, port 9264 is currently in use.
[WRN] FMOD_OS_Net_Listen                       : Cannot listen for connections, port 9264 is currently in use.
[LOG] SystemI::createSound                     : filename = Assets/Fmod/WashingMachineFMOD/Build/Desktop/Master.bank : mode 02010082
[LOG] SystemI::createSound                     : FMOD_NONBLOCKING specified.  Putting into queue to be opened asynchronously!
[LOG] SystemI::createSound                     : setdata soundi = 000002AF7A3D85A8 : node = 000002AF72E93BF0
[LOG] SystemI::createSound                     : add node to async list : head = 000002AF435FEC98.  list count = 0
[LOG] AsyncThread::threadFunc                  : Starting Asynchronous operation on sound 000002AF7A3D85A8
[LOG] SystemI::createSoundInternal             :     Create name='Assets/Fmod/WashingMachineFMOD/Build/Desktop/Master.bank', mode=0x02010082
[LOG] SystemI::createSoundInternal             :     exinfo->cbsize             = 224
[LOG] SystemI::createSoundInternal             :     exinfo->length             = 10380128
[LOG] SystemI::createSoundInternal             :     exinfo->fileoffset         = 1628896
[LOG] SystemI::createSoundInternal             :     exinfo->numsubsounds       = 1
[LOG] SystemI::createSoundInternal             :     exinfo->inclusionlist      = 000002AF72E93D00
[LOG] SystemI::createSoundInternal             :     exinfo->inclusionlistnum   = 1
[LOG] SystemI::createSoundInternal             :     exinfo->suggestedsoundtype = 5
[LOG] SystemI::createSoundInternal             :     exinfo->initialseekpostype = 1
[LOG] SystemI::createSoundInternal             :     Stream 0/1: name='WashingMachineLoop1_mono', format=5, channels=1, frequency=48000, lengthbytes=313664, lengthpcm=1536000, pcmblocksize=0, loopstart=0, loopend=0, mode=0x00000000, channelmask=0x00000000, channelorder=0, peakvolume=0.040771.
[LOG] AsyncThread::threadFunc                  : Finished Asynchronous operation on sound 000002AF7A3D85A8
[LOG] AsyncThread::threadFunc                  : Starting Asynchronous operation on sound 000002AF91D1F808
[LOG] AsyncThread::threadFunc                  : Finished Asynchronous operation on sound 000002AF91D1F808
[WRN] FMOD_OS_Net_Listen                       : Cannot listen for connections, port 9264 is currently in use.
[LOG] SoundI::release                          : WashingMachineLoop1_mono (000002B043812A98)
[LOG] SoundI::release                          :     WashingMachineLoop1_mono (000002AF78958AD8)
[LOG] SoundI::release                          :     WashingMachineLoop1_mono (000002AF91905008)
[WRN] FMOD_OS_Net_Listen                       : Cannot listen for connections, port 9264 is currently in use.
[WRN] FMOD_OS_Net_Listen                       : Cannot listen for connections, port 9264 is currently in use.
[WRN] FMOD_OS_Net_Listen                       : Cannot listen for connections, port 9264 is currently in use.
[LOG] SystemI::createSound                     : filename = Assets/Fmod/WashingMachineFMOD/Build/Desktop/Master.bank : mode 02010082
[LOG] SystemI::createSound                     : FMOD_NONBLOCKING specified.  Putting into queue to be opened asynchronously!
[LOG] SystemI::createSound                     : setdata soundi = 000002AF91C54058 : node = 000002AF75BCDA10
[LOG] SystemI::createSound                     : add node to async list : head = 000002AF435FEC98.  list count = 0
[LOG] AsyncThread::threadFunc                  : Starting Asynchronous operation on sound 000002AF91C54058
[LOG] SystemI::createSoundInternal             :     Create name='Assets/Fmod/WashingMachineFMOD/Build/Desktop/Master.bank', mode=0x02010082
[LOG] SystemI::createSoundInternal             :     exinfo->cbsize             = 224
[LOG] SystemI::createSoundInternal             :     exinfo->length             = 10380128
[LOG] SystemI::createSoundInternal             :     exinfo->fileoffset         = 1628896
[LOG] SystemI::createSoundInternal             :     exinfo->numsubsounds       = 1
[LOG] SystemI::createSoundInternal             :     exinfo->inclusionlist      = 000002AF75BCDB20
[LOG] SystemI::createSoundInternal             :     exinfo->inclusionlistnum   = 1
[LOG] SystemI::createSoundInternal             :     exinfo->suggestedsoundtype = 5
[LOG] SystemI::createSoundInternal             :     exinfo->initialseekpostype = 1
[LOG] SystemI::createSoundInternal             :     Stream 0/1: name='WashingMachineLoop1_mono', format=5, channels=1, frequency=48000, lengthbytes=313664, lengthpcm=1536000, pcmblocksize=0, loopstart=0, loopend=0, mode=0x00000000, channelmask=0x00000000, channelorder=0, peakvolume=0.040771.
[LOG] AsyncThread::threadFunc                  : Finished Asynchronous operation on sound 000002AF91C54058
[LOG] AsyncThread::threadFunc                  : Starting Asynchronous operation on sound 000002AF72921978
[LOG] AsyncThread::threadFunc                  : Finished Asynchronous operation on sound 000002AF72921978
[LOG] SoundI::release                          : WashingMachineLoop1_mono (000002AF7A3D85A8)
[LOG] SoundI::release                          :     WashingMachineLoop1_mono (000002AF46BEB088)
[LOG] SoundI::release                          :     WashingMachineLoop1_mono (000002AF91D1F808)
[WRN] FMOD_OS_Net_Listen                       : Cannot listen for connections, port 9264 is currently in use.
[WRN] FMOD_OS_Net_Listen                       : Cannot listen for connections, port 9264 is currently in use.
[WRN] FMOD_OS_Net_Listen                       : Cannot listen for connections, port 9264 is currently in use.
[WRN] FMOD_OS_Net_Listen                       : Cannot listen for connections, port 9264 is currently in use.
[LOG] SystemI::createSound                     : filename = Assets/Fmod/WashingMachineFMOD/Build/Desktop/Master.bank : mode 02010082
[LOG] SystemI::createSound                     : FMOD_NONBLOCKING specified.  Putting into queue to be opened asynchronously!
[LOG] SystemI::createSound                     : setdata soundi = 000002AF9B935968 : node = 000002AF755ED5E0
[LOG] SystemI::createSound                     : add node to async list : head = 000002AF435FEC98.  list count = 0
[LOG] AsyncThread::threadFunc                  : Starting Asynchronous operation on sound 000002AF9B935968
[LOG] SystemI::createSoundInternal             :     Create name='Assets/Fmod/WashingMachineFMOD/Build/Desktop/Master.bank', mode=0x02010082
[LOG] SystemI::createSoundInternal             :     exinfo->cbsize             = 224
[LOG] SystemI::createSoundInternal             :     exinfo->length             = 10380128
[LOG] SystemI::createSoundInternal             :     exinfo->fileoffset         = 1628896
[LOG] SystemI::createSoundInternal             :     exinfo->numsubsounds       = 1
[LOG] SystemI::createSoundInternal             :     exinfo->inclusionlist      = 000002AF755ED6F0
[LOG] SystemI::createSoundInternal             :     exinfo->inclusionlistnum   = 1
[LOG] SystemI::createSoundInternal             :     exinfo->suggestedsoundtype = 5
[LOG] SystemI::createSoundInternal             :     exinfo->initialseekpostype = 1
[LOG] SystemI::createSoundInternal             :     Stream 0/1: name='WashingMachineLoop1_mono', format=5, channels=1, frequency=48000, lengthbytes=313664, lengthpcm=1536000, pcmblocksize=0, loopstart=0, loopend=0, mode=0x00000000, channelmask=0x00000000, channelorder=0, peakvolume=0.040771.
[LOG] AsyncThread::threadFunc                  : Finished Asynchronous operation on sound 000002AF9B935968
[LOG] AsyncThread::threadFunc                  : Starting Asynchronous operation on sound 000002AF7A3D7318
[LOG] AsyncThread::threadFunc                  : Finished Asynchronous operation on sound 000002AF7A3D7318
[LOG] SoundI::release                          : WashingMachineLoop1_mono (000002AF91C54058)
[LOG] SoundI::release                          :     WashingMachineLoop1_mono (000002AF803CA558)
[LOG] SoundI::release                          :     WashingMachineLoop1_mono (000002AF72921978)
[WRN] FMOD_OS_Net_Listen                       : Cannot listen for connections, port 9264 is currently in use.
[WRN] FMOD_OS_Net_Listen                       : Cannot listen for connections, port 9264 is currently in use.
[WRN] FMOD_OS_Net_Listen                       : Cannot listen for connections, port 9264 is currently in use.
[LOG] SystemI::createSound                     : filename = Assets/Fmod/WashingMachineFMOD/Build/Desktop/Master.bank : mode 02010082
[LOG] SystemI::createSound                     : FMOD_NONBLOCKING specified.  Putting into queue to be opened asynchronously!
[LOG] SystemI::createSound                     : setdata soundi = 000002AF9B935B18 : node = 000002AF755EDC20
[LOG] SystemI::createSound                     : add node to async list : head = 000002AF435FEC98.  list count = 0
[LOG] AsyncThread::threadFunc                  : Starting Asynchronous operation on sound 000002AF9B935B18
[LOG] SystemI::createSoundInternal             :     Create name='Assets/Fmod/WashingMachineFMOD/Build/Desktop/Master.bank', mode=0x02010082
[LOG] SystemI::createSoundInternal             :     exinfo->cbsize             = 224
[LOG] SystemI::createSoundInternal             :     exinfo->length             = 10380128
[LOG] SystemI::createSoundInternal             :     exinfo->fileoffset         = 1628896
[LOG] SystemI::createSoundInternal             :     exinfo->numsubsounds       = 1
[LOG] SystemI::createSoundInternal             :     exinfo->inclusionlist      = 000002AF755EDD30
[LOG] SystemI::createSoundInternal             :     exinfo->inclusionlistnum   = 1
[LOG] SystemI::createSoundInternal             :     exinfo->suggestedsoundtype = 5
[LOG] SystemI::createSoundInternal             :     exinfo->initialseekpostype = 1
[LOG] SystemI::createSoundInternal             :     Stream 0/1: name='WashingMachineLoop1_mono', format=5, channels=1, frequency=48000, lengthbytes=313664, lengthpcm=1536000, pcmblocksize=0, loopstart=0, loopend=0, mode=0x00000000, channelmask=0x00000000, channelorder=0, peakvolume=0.040771.
[LOG] AsyncThread::threadFunc                  : Finished Asynchronous operation on sound 000002AF9B935B18
[WRN] FMOD_OS_Net_Listen                       : Cannot listen for connections, port 9264 is currently in use.
[LOG] AsyncThread::threadFunc                  : Starting Asynchronous operation on sound 000002AF91904AF8
[LOG] AsyncThread::threadFunc                  : Finished Asynchronous operation on sound 000002AF91904AF8
[LOG] SoundI::release                          : WashingMachineLoop1_mono (000002AF9B935968)
[LOG] SoundI::release                          :     WashingMachineLoop1_mono (000002B02C52F358)
[LOG] SoundI::release                          :     WashingMachineLoop1_mono (000002AF7A3D7318)
[WRN] FMOD_OS_Net_Listen                       : Cannot listen for connections, port 9264 is currently in use.
[WRN] FMOD_OS_Net_Listen                       : Cannot listen for connections, port 9264 is currently in use.
[WRN] FMOD_OS_Net_Listen                       : Cannot listen for connections, port 9264 is currently in use.
[LOG] SystemI::createSound                     : filename = Assets/Fmod/WashingMachineFMOD/Build/Desktop/Master.bank : mode 02010082
[LOG] SystemI::createSound                     : FMOD_NONBLOCKING specified.  Putting into queue to be opened asynchronously!
[LOG] SystemI::createSound                     : setdata soundi = 000002B043812C48 : node = 000002B0439D9320
[LOG] SystemI::createSound                     : add node to async list : head = 000002AF435FEC98.  list count = 0
[LOG] AsyncThread::threadFunc                  : Starting Asynchronous operation on sound 000002B043812C48
[LOG] SystemI::createSoundInternal             :     Create name='Assets/Fmod/WashingMachineFMOD/Build/Desktop/Master.bank', mode=0x02010082
[LOG] SystemI::createSoundInternal             :     exinfo->cbsize             = 224
[LOG] SystemI::createSoundInternal             :     exinfo->length             = 10380128
[LOG] SystemI::createSoundInternal             :     exinfo->fileoffset         = 1628896
[LOG] SystemI::createSoundInternal             :     exinfo->numsubsounds       = 1
[LOG] SystemI::createSoundInternal             :     exinfo->inclusionlist      = 000002B0439D9430
[LOG] SystemI::createSoundInternal             :     exinfo->inclusionlistnum   = 1
[LOG] SystemI::createSoundInternal             :     exinfo->suggestedsoundtype = 5
[LOG] SystemI::createSoundInternal             :     exinfo->initialseekpostype = 1
[LOG] SystemI::createSoundInternal             :     Stream 0/1: name='WashingMachineLoop1_mono', format=5, channels=1, frequency=48000, lengthbytes=313664, lengthpcm=1536000, pcmblocksize=0, loopstart=0, loopend=0, mode=0x00000000, channelmask=0x00000000, channelorder=0, peakvolume=0.040771.
[LOG] AsyncThread::threadFunc                  : Finished Asynchronous operation on sound 000002B043812C48
[LOG] AsyncThread::threadFunc                  : Starting Asynchronous operation on sound 000002AF7B9E7D88
[LOG] AsyncThread::threadFunc                  : Finished Asynchronous operation on sound 000002AF7B9E7D88
[WRN] FMOD_OS_Net_Listen                       : Cannot listen for connections, port 9264 is currently in use.
[LOG] SoundI::release                          : WashingMachineLoop1_mono (000002AF9B935B18)
[LOG] SoundI::release                          :     WashingMachineLoop1_mono (000002AF78958938)
[LOG] SoundI::release                          :     WashingMachineLoop1_mono (000002AF91904AF8)
[WRN] FMOD_OS_Net_Listen                       : Cannot listen for connections, port 9264 is currently in use.
[WRN] FMOD_OS_Net_Listen                       : Cannot listen for connections, port 9264 is currently in use.
[WRN] FMOD_OS_Net_Listen                       : Cannot listen for connections, port 9264 is currently in use.
[LOG] SystemI::createSound                     : filename = Assets/Fmod/WashingMachineFMOD/Build/Desktop/Master.bank : mode 02010082
[LOG] SystemI::createSound                     : FMOD_NONBLOCKING specified.  Putting into queue to be opened asynchronously!
[LOG] SystemI::createSound                     : setdata soundi = 000002AF9B935968 : node = 000002AF77F51240
[LOG] SystemI::createSound                     : add node to async list : head = 000002AF435FEC98.  list count = 0
[LOG] AsyncThread::threadFunc                  : Starting Asynchronous operation on sound 000002AF9B935968
[LOG] SystemI::createSoundInternal             :     Create name='Assets/Fmod/WashingMachineFMOD/Build/Desktop/Master.bank', mode=0x02010082
[LOG] SystemI::createSoundInternal             :     exinfo->cbsize             = 224
[LOG] SystemI::createSoundInternal             :     exinfo->length             = 10380128
[LOG] SystemI::createSoundInternal             :     exinfo->fileoffset         = 1628896
[LOG] SystemI::createSoundInternal             :     exinfo->numsubsounds       = 1
[LOG] SystemI::createSoundInternal             :     exinfo->inclusionlist      = 000002AF77F51350
[LOG] SystemI::createSoundInternal             :     exinfo->inclusionlistnum   = 1
[LOG] SystemI::createSoundInternal             :     exinfo->suggestedsoundtype = 5
[LOG] SystemI::createSoundInternal             :     exinfo->initialseekpostype = 1
[LOG] SystemI::createSoundInternal             :     Stream 0/1: name='WashingMachineLoop1_mono', format=5, channels=1, frequency=48000, lengthbytes=313664, lengthpcm=1536000, pcmblocksize=0, loopstart=0, loopend=0, mode=0x00000000, channelmask=0x00000000, channelorder=0, peakvolume=0.040771.
[LOG] AsyncThread::threadFunc                  : Finished Asynchronous operation on sound 000002AF9B935968
[LOG] AsyncThread::threadFunc                  : Starting Asynchronous operation on sound 000002AF91904CA8
[LOG] AsyncThread::threadFunc                  : Finished Asynchronous operation on sound 000002AF91904CA8
[LOG] SoundI::release                          : WashingMachineLoop1_mono (000002B043812C48)
[LOG] SoundI::release                          :     WashingMachineLoop1_mono (000002AF7FCB7C68)
[LOG] SoundI::release                          :     WashingMachineLoop1_mono (000002AF7B9E7D88)
[WRN] FMOD_OS_Net_Listen                       : Cannot listen for connections, port 9264 is currently in use.
[WRN] FMOD_OS_Net_Listen                       : Cannot listen for connections, port 9264 is currently in use.
[WRN] FMOD_OS_Net_Listen                       : Cannot listen for connections, port 9264 is currently in use.
[LOG] SystemI::createSoundInternal             : Create name='', mode=0x02000202
[LOG] SystemI::createSoundInternal             : exinfo->cbsize             = 224
[LOG] SystemI::createSoundInternal             : exinfo->length             = 10380128
[LOG] SystemI::createSoundInternal             : exinfo->fileoffset         = 1628896
[LOG] SystemI::createSoundInternal             : exinfo->numsubsounds       = 1
[LOG] SystemI::createSoundInternal             : exinfo->inclusionlist      = 000000C523ECF5C8
[LOG] SystemI::createSoundInternal             : exinfo->inclusionlistnum   = 1
[LOG] SystemI::createSoundInternal             : exinfo->suggestedsoundtype = 5
[LOG] SystemI::createSoundInternal             : exinfo->useropen           = 00007FF8D58B0AD0
[LOG] SystemI::createSoundInternal             : exinfo->userclose          = 00007FF8D58B0AA0
[LOG] SystemI::createSoundInternal             : exinfo->userread           = 00007FF8D58B0BA0
[LOG] SystemI::createSoundInternal             : exinfo->userseek           = 00007FF8D58B0C60
[LOG] SystemI::createSoundInternal             : exinfo->fileuserdata       = 000002AF8C5B70B8
[LOG] SystemI::createSoundInternal             : exinfo->initialseekpostype = 1
[LOG] SystemI::DSPCodecPoolRegister            : register codec pool for pool type 5
[LOG] SystemI::createSoundInternal             : Sample 0/1: name='sfx_winningChimes', format=5, channels=2, frequency=48000, lengthbytes=157152, lengthpcm=374764, pcmblocksize=0, loopstart=0, loopend=0, mode=0x00000000, channelmask=0x00000000, channelorder=0, peakvolume=0.029877.
[WRN] FMOD_OS_Net_Listen                       : Cannot listen for connections, port 9264 is currently in use.
[LOG] SystemI::createSound                     : filename = Assets/Fmod/WashingMachineFMOD/Build/Desktop/Master.bank : mode 02010082
[LOG] SystemI::createSound                     : FMOD_NONBLOCKING specified.  Putting into queue to be opened asynchronously!
[LOG] SystemI::createSound                     : setdata soundi = 000002AF91C53638 : node = 000002B06A6CB490
[LOG] SystemI::createSound                     : add node to async list : head = 000002AF435FEC98.  list count = 0
[LOG] AsyncThread::threadFunc                  : Starting Asynchronous operation on sound 000002AF91C53638
[LOG] SystemI::createSoundInternal             :     Create name='Assets/Fmod/WashingMachineFMOD/Build/Desktop/Master.bank', mode=0x02010082
[LOG] SystemI::createSoundInternal             :     exinfo->cbsize             = 224
[LOG] SystemI::createSoundInternal             :     exinfo->length             = 10380128
[LOG] SystemI::createSoundInternal             :     exinfo->fileoffset         = 1628896
[LOG] SystemI::createSoundInternal             :     exinfo->numsubsounds       = 1
[LOG] SystemI::createSoundInternal             :     exinfo->inclusionlist      = 000002B06A6CB5A0
[LOG] SystemI::createSoundInternal             :     exinfo->inclusionlistnum   = 1
[LOG] SystemI::createSoundInternal             :     exinfo->suggestedsoundtype = 5
[LOG] SystemI::createSoundInternal             :     exinfo->initialseekpostype = 1
[LOG] SystemI::createSoundInternal             :     Stream 0/1: name='WashingMachineLoop1_mono', format=5, channels=1, frequency=48000, lengthbytes=313664, lengthpcm=1536000, pcmblocksize=0, loopstart=0, loopend=0, mode=0x00000000, channelmask=0x00000000, channelorder=0, peakvolume=0.040771.
[LOG] AsyncThread::threadFunc                  : Finished Asynchronous operation on sound 000002AF91C53638
[LOG] AsyncThread::threadFunc                  : Starting Asynchronous operation on sound 000002AF919051B8
[LOG] AsyncThread::threadFunc                  : Finished Asynchronous operation on sound 000002AF919051B8
[LOG] SoundI::release                          : WashingMachineLoop1_mono (000002AF9B935968)
[LOG] SoundI::release                          :     WashingMachineLoop1_mono (000002AF789585F8)
[LOG] SoundI::release                          :     WashingMachineLoop1_mono (000002AF91904CA8)
[WRN] FMOD_OS_Net_Listen                       : Cannot listen for connections, port 9264 is currently in use.
[LOG] SystemI::createSound                     : filename = Assets/Fmod/WashingMachineFMOD/Build/Desktop/Master.bank : mode 02010082
[LOG] SystemI::createSound                     : FMOD_NONBLOCKING specified.  Putting into queue to be opened asynchronously!
[LOG] SystemI::createSound                     : setdata soundi = 000002AF91C53B48 : node = 000002B06A6CB210
[LOG] SystemI::createSound                     : add node to async list : head = 000002AF435FEC98.  list count = 0
[LOG] AsyncThread::threadFunc                  : Starting Asynchronous operation on sound 000002AF91C53B48
[LOG] SystemI::createSoundInternal             :     Create name='Assets/Fmod/WashingMachineFMOD/Build/Desktop/Master.bank', mode=0x02010082
[LOG] SystemI::createSoundInternal             :     exinfo->cbsize             = 224
[LOG] SystemI::createSoundInternal             :     exinfo->length             = 10380128
[LOG] SystemI::createSoundInternal             :     exinfo->fileoffset         = 1628896
[LOG] SystemI::createSoundInternal             :     exinfo->numsubsounds       = 1
[LOG] SystemI::createSoundInternal             :     exinfo->inclusionlist      = 000002B06A6CB320
[LOG] SystemI::createSoundInternal             :     exinfo->inclusionlistnum   = 1
[LOG] SystemI::createSoundInternal             :     exinfo->suggestedsoundtype = 5
[LOG] SystemI::createSoundInternal             :     exinfo->initialseekpostype = 1
[LOG] SystemI::createSoundInternal             :     Stream 0/1: name='WashingMachineLoop1_mono', format=5, channels=1, frequency=48000, lengthbytes=313664, lengthpcm=1536000, pcmblocksize=0, loopstart=0, loopend=0, mode=0x00000000, channelmask=0x00000000, channelorder=0, peakvolume=0.040771.
[LOG] AsyncThread::threadFunc                  : Finished Asynchronous operation on sound 000002AF91C53B48
[LOG] SoundI::release                          : WashingMachineLoop1_mono (000002AF91C53638)
[LOG] SoundI::release                          :     WashingMachineLoop1_mono (000002AF78958938)
[LOG] SoundI::release                          :     WashingMachineLoop1_mono (000002AF919051B8)
[LOG] AsyncThread::threadFunc                  : Starting Asynchronous operation on sound 000002AF72920F58
[LOG] AsyncThread::threadFunc                  : Finished Asynchronous operation on sound 000002AF72920F58
[WRN] FMOD_OS_Net_Listen                       : Cannot listen for connections, port 9264 is currently in use.
[WRN] FMOD_OS_Net_Listen                       : Cannot listen for connections, port 9264 is currently in use.
[LOG] SoundI::release                          :  (000002AF8C7ADF98)
[LOG] SoundI::release                          :     sfx_winningChimes (000002B069E21968)
[LOG] SoundI::release                          :  (000002B0431AE358)
[LOG] SoundI::release                          :     shootingSound1 (000002AF77A0ADB8)
[LOG] SoundI::release                          :  (000002AF8C7AB8C8)
[LOG] SoundI::release                          :     hit_60_1_Mono (000002AF469EA0B8)
[LOG] SoundI::release                          :  (000002AF8C7ABFF8)
[LOG] SoundI::release                          :     hit_60_2_Mono (000002AF73E58F18)
[LOG] SoundI::release                          :  (000002AF8C7AB478)
[LOG] SoundI::release                          :     hit_60_3_Mono (000002AF469EA738)
[LOG] SoundI::release                          :  (000002AF8C7AE108)
[LOG] SoundI::release                          :     hit_60_4_Mono (000002AF469EADB8)
[LOG] SoundI::release                          :  (000002AF8C7A2628)
[LOG] SoundI::release                          :     hit_100_1_Mono (000002B069E21CA8)
[LOG] SoundI::release                          :  (000002AF8C79D888)
[LOG] SoundI::release                          :     hit_100_2_Mono (000002B069E22B48)
[LOG] SoundI::release                          :  (000002AF8C7AD9D8)
[LOG] SoundI::release                          :     hit_100_3_Mono (000002B069E22CE8)
[LOG] SoundI::release                          :  (000002AF8C7ADCB8)
[LOG] SoundI::release                          :     hit_100_4_Mono (000002B069E22328)
[LOG] SoundI::release                          :  (000002B0431AE1E8)
[LOG] SoundI::release                          :     sax_takt2_slag2 (000002B025DAF9D8)
[LOG] SoundI::release                          :  (000002B0431A9B78)
[LOG] SoundI::release                          :     sax_tak3_slag2 (000002AF435FD158)
[LOG] SoundI::release                          :  (000002B0431AA138)
[LOG] SoundI::release                          :     sax_takt1_slag4.1 (000002AF8D0E6A48)
[LOG] SoundI::release                          :  (000002B0431AA588)
[LOG] SoundI::release                          :     sax_lick3 (000002AF435FD2F8)
[LOG] SoundI::release                          :  (000002B0431AC808)
[LOG] SoundI::release                          :     sax_takt3B (000002B02C0DA8A8)
[LOG] SoundI::release                          :  (000002B0431AB278)
[LOG] SoundI::release                          :     gameplay_brass1.1 (000002AF8D0E6D88)
[LOG] SoundI::release                          :  (000002B0431AA6F8)
[LOG] SoundI::release                          :     gameplay_hihatLoop1 (000002AF435FCFB8)
[LOG] SoundI::release                          :  (000002B0431B4688)
[LOG] SoundI::release                          :     gameplay_newHihatLoop3 (000002AF7C9A4D78)
[LOG] SoundI::release                          :  (000002B0431AC248)
[LOG] SoundI::release                          :     gameplay_newHihatLoop2 (000002B025B153B8)
[LOG] SoundI::release                          :  (000002B0431B4518)
[LOG] SoundI::release                          :     sax_lick2 (000002AF7C9A5598)
[LOG] SoundI::release                          :  (000002B0431ACC58)
[LOG] SoundI::release                          :     sax_takt2B (000002B042FEC518)
[LOG] SoundI::release                          :  (000002B0431AF8E8)
[LOG] SoundI::release                          :     gameplay_brass1.2dry (000002B04373E668)
[LOG] SoundI::release                          :  (000002B0431AE4C8)
[LOG] SoundI::release                          :     sax_tak4_slag4 (000002B025DB01F8)
[LOG] SoundI::release                          :  (000002B0431B4968)
[LOG] SoundI::release                          :     gameplay_saxLoop_NoVerb (000002AF46D12738)
[LOG] SoundI::release                          :  (000002B0431B1158)
[LOG] SoundI::release                          :     gameplay_cymbalLoop4.1 (000002B04373FEC8)
[LOG] SoundI::release                          :  (000002B0431AF498)
[LOG] SoundI::release                          :     gameplay_cymbalLoop3.1 (000002B0437403A8)
[LOG] SoundI::release                          :  (000002B0431B0D08)
[LOG] SoundI::release                          :     gameplay_cymbalLoop2.1 (000002B069E21148)
[LOG] SoundI::release                          :  (000002B0431ACDC8)
[LOG] SoundI::release                          :     gameplay_cymbalLoop (000002AF8D0E63C8)
[LOG] SoundI::release                          :  (000002B0431B19F8)
[LOG] SoundI::release                          :     sax_tak3_slag4 (000002B04373EE88)
[LOG] SoundI::release                          :  (000002B0431AD668)
[LOG] SoundI::release                          :     sax_tak4_slag3 (000002AF77E12258)
[LOG] SoundI::release                          :  (000002B0431AD218)
[LOG] SoundI::release                          :     sax_lick4 (000002B042FEC9F8)
[LOG] SoundI::release                          :  (000002B0431AFA58)
[LOG] SoundI::release                          :     sax_takt4B (000002B04373F1C8)
[LOG] SoundI::release                          :  (000002B0431B3548)
[LOG] SoundI::release                          :     gameplay_brass2.2dry (000002AF46D120B8)
[LOG] SoundI::release                          :  (000002B0431AA868)
[LOG] SoundI::release                          :     sax_tak4_slag2 (000002AF77E12598)
[LOG] SoundI::release                          :  (000002B0431ABDF8)
[LOG] SoundI::release                          :     sax_takt1_slag2 (000002AF9CE97DC8)
[LOG] SoundI::release                          :  (000002B0431ADC28)
[LOG] SoundI::release                          :     sax_takt2_slag4 (000002AF77A0A598)
[LOG] SoundI::release                          :  (000002B0431AFD38)
[LOG] SoundI::release                          :     sax_takt1_slag3 (000002B04373F028)
[LOG] SoundI::release                          :  (000002B0431AA418)
[LOG] SoundI::release                          :     sax_tak3_slag3 (000002AF77E12A78)
[LOG] SoundI::release                          :  (000002B0431AC3B8)
[LOG] SoundI::release                          :     sax_takt2_slag3 (000002AF77E128D8)
[LOG] SoundI::release                          :  (000002B0431ADF08)
[LOG] SoundI::release                          :     gameplay_HardCymbal4 (000002AF435FD638)
[LOG] SoundI::release                          :  (000002B0431B40C8)
[LOG] SoundI::release                          :     gameplay_HardCymbal1 (000002AF46D128D8)
[LOG] SoundI::release                          :  (000002B0431B43A8)
[LOG] SoundI::release                          :     gameplay_HardCymbal3 (000002AF46D12A78)
[LOG] SoundI::release                          :  (000002B0431AAB48)
[LOG] SoundI::release                          :     gameplay_snareLoop1.1 (000002AF9CE97A88)
[LOG] SoundI::release                          :  (000002B0431AB9A8)
[LOG] SoundI::release                          :     gameplay_snareLoop3.1 (000002B069E1F948)
[LOG] SoundI::release                          :  (000002B0431AB558)
[LOG] SoundI::release                          :     gameplay_snareLoop2 (000002B069E1F128)
[LOG] SoundI::release                          :  (000002B0431B30F8)
[LOG] SoundI::release                          :     gameplay_HardCymbal2 (000002AF7C9A6298)
[LOG] SoundI::release                          :  (000002B0431AB838)
[LOG] SoundI::release                          :     gameplay_pianoLoop1 (000002B069E1F2C8)
[LOG] SoundI::release                          :  (000002B0431A9CE8)
[LOG] SoundI::release                          :     gameplay_pianoLoop2.1 (000002AF435FCE18)
[LOG] SoundI::release                          :  (000002B0431AD0A8)
[LOG] SoundI::release                          :     gameplay_basLoop3.1 (000002B02C0DA568)
[LOG] SoundI::release                          :  (000002B0431B2CA8)
[LOG] SoundI::release                          :     gameplay_bassLoop1 (000002B069E21488)
[LOG] SoundI::release                          :  (000002B0431AD4F8)
[LOG] SoundI::release                          :     gameplay_basLoop2 (000002AF77E123F8)
[LOG] SoundI::release                          :  (000002B0431AC978)
[LOG] SoundI::release                          :     gameplay_newCymbalLoop1.1 (000002B025B15078)
[LOG] SoundI::release                          :  (000002B0431B02F8)
[LOG] SoundI::release                          :     gameplay_newCymbalLoop4 (000002AF46D11D78)
[LOG] SoundI::release                          :  (000002B0431B0018)
[LOG] SoundI::release                          :     gameplay_newCymbalLoop2 (000002B04373F508)
[LOG] SoundI::release                          :  (000002B0431AE078)
[LOG] SoundI::release                          :     gameplay_newCymbalLoop3 (000002AF9CE98108)
[LOG] SoundI::release                          :  (000002B0431AACB8)
[LOG] SoundI::release                          :     sax_lick1 (000002B069E1EF88)
[LOG] SoundI::release                          :  (000002B0431AEBF8)
[LOG] SoundI::release                          :     sax_takt1B (000002AF7C9A5C18)
[LOG] SoundI::release                          :  (000002B0431B0E78)
[LOG] SoundI::release                          :     gameplay_newSnareLoop1_BrushOnly (000002AF7C9A60F8)
[LOG] SoundI::release                          :  (000002B0431B47F8)
[LOG] SoundI::release                          :     gameplay_brass1.1dry (000002B04373E9A8)
[LOG] SoundI::release                          :  (000002B0431A9FC8)
[LOG] SoundI::release                          :     gameplay_newSnareLoop1_NoBrush-002 (000002B02C0D9EE8)
[LOG] SoundI::release                          :  (000002B0431AE638)
[LOG] SoundI::release                          :     gameplay_newSnareLoop4 (000002B025DB0398)
[LOG] SoundI::release                          :  (000002B0431ADD98)
[LOG] SoundI::release                          :     gameplay_newSnareLoop2 (000002B025DAFB78)
[LOG] SoundI::release                          :  (000002B0431AF608)
[LOG] SoundI::release                          :     gameplay_newSnareLoop3 (000002B069E20FA8)
[LOG] SoundI::release                          :  (000002B0431B2578)
[LOG] SoundI::release                          :     Gameplay_cymbalReverse (000002AF7C9A5DB8)
[LOG] SoundI::release                          :  (000002B0431B2F88)
[LOG] SoundI::release                          :     gameplay_SingleCymbal (000002B04373FB88)
[LOG] SoundI::release                          :  (000002B0431ADAB8)
[LOG] SoundI::release                          :     gameplay_SingleCymbal3 (000002AF77A0B298)
[LOG] SoundI::release                          :  (000002B0431B4DB8)
[LOG] SoundI::release                          :     whiteNoiseTVScreen (000002AF46D12258)
[LOG] SoundI::release                          :  (000002B0431AD7D8)
[LOG] SoundI::release                          :     Machine_Suck_Short_Mono (000002AF9CE98448)
[LOG] SoundI::release                          :  (000002B0431ABB18)
[LOG] SoundI::release                          :     Machine_Suck_Short1.1 (000002AF77A0A8D8)
[LOG] SoundI::release                          :  (000002AF8C79D9F8)
[LOG] SoundI::release                          :     groundHit_100_1_Mono (000002AF7B9F6B38)
[LOG] SoundI::release                          :  (000002AF8C7AD868)
[LOG] SoundI::release                          :     groundHit_100_2_Mono (000002AF7B9F8538)
[LOG] SoundI::release                          :  (000002AF8C7ACFC8)
[LOG] SoundI::release                          :     groundHit_100_3_Mono (000002AF7B9F7018)
[LOG] SoundI::release                          :  (000002AF8C79E408)
[LOG] SoundI::release                          :     groundHit_100_4_Mono (000002AF7B9F6998)
[LOG] SoundI::release                          :  (000002AF8C7AA4A8)
[LOG] SoundI::release                          :     hit_80_1_Mono (000002AF789543B8)
[LOG] SoundI::release                          :  (000002AF8C7A8DA8)
[LOG] SoundI::release                          :     hit_80_2_Mono (000002AF9F36A6F8)
[LOG] SoundI::release                          :  (000002AF8C7AE3E8)
[LOG] SoundI::release                          :     hit_80_3_Mono (000002AF78958798)
[LOG] SoundI::release                          :  (000002AF8C7A9088)
[LOG] SoundI::release                          :     hit_80_4_Mono (000002AF789582B8)
[LOG] SoundI::release                          :  (000002AF8C79CB98)
[LOG] SoundI::release                          :     groundHit_80_1_Mono (000002AF46BEC5A8)
[LOG] SoundI::release                          :  (000002AF8C79A638)
[LOG] SoundI::release                          :     groundHit_80_2_Mono (000002AF46BEBD88)
[LOG] SoundI::release                          :  (000002AF8C79CFE8)
[LOG] SoundI::release                          :     groundHit_80_3_Mono (000002AF46BE91A8)
[LOG] SoundI::release                          :  (000002AF8C79C8B8)
[LOG] SoundI::release                          :     groundHit_80_4_Mono (000002AF46BEA1E8)
[LOG] SoundI::release                          :  (000002AF8C79C2F8)
[LOG] SoundI::release                          :     stompLayer_2-001 (000002AF46BEA048)
[LOG] SoundI::release                          :  (000002B0431B33D8)
[LOG] SoundI::release                          :     newSuccess 01 (000002AF46D116F8)
[LOG] SoundI::release                          : WashingMachineLoop1_mono (000002AF91C53B48)
[LOG] SoundI::release                          :     WashingMachineLoop1_mono (000002B025B15A28)
[LOG] SoundI::release                          :     WashingMachineLoop1_mono (000002AF72920F58)
[LOG] SoundI::release                          :  (000002B0431B3B08)
[LOG] SoundI::release                          :     newSuccess 02 (000002AF46D11218)
[LOG] SoundI::release                          :  (000002B0431B4C48)
[LOG] SoundI::release                          :     newSuccess 03 (000002B04373EB48)
[LOG] SoundI::release                          :  (000002B0431AB6C8)
[LOG] SoundI::release                          :     newSuccess 04 (000002B02C0D9BA8)
[LOG] SoundI::release                          :  (000002B0431B2298)
[LOG] SoundI::release                          :     sax_G2_shortHard (000002AF46D11A38)
[LOG] SoundI::release                          :  (000002B0431AD948)
[LOG] SoundI::release                          :     sax_C-1_short (000002B069E1F468)
[LOG] SoundI::release                          :  (000002B0431B3F58)
[LOG] SoundI::release                          :     sax_G2_shortMedium (000002AF7C9A53F8)
[LOG] SoundI::release                          :  (000002B0431AD388)
[LOG] SoundI::release                          :     sax_C_short1 (000002AF8D0E68A8)
[LOG] SoundI::release                          :  (000002B0431B2B38)
[LOG] SoundI::release                          :     sax_G_short (000002AF7C9A50B8)
[LOG] SoundI::release                          :  (000002B0431AE7A8)
[LOG] SoundI::release                          :     sfx_warningSound2.1 (000002B025DB0538)
[LOG] SoundI::release                          :  (000002B0431B3268)
[LOG] SoundI::release                          :     absorbSound1.1 (000002AF7C9A5F58)
[LOG] Thread::callback                         : FMOD Convolution thread finished.
[LOG] Thread::callback                         : FMOD Convolution thread finished.
[LOG] Thread::callback                         : FMOD Studio update thread finished.
[LOG] Thread::callback                         : FMOD Studio bank load thread finished.
[LOG] Profile::disconnectAll                   : Profiler disconnecting all clients
[LOG] Thread::callback                         : FMOD Studio sample load thread finished.
[LOG] LiveUpdate::release                      : 
[LOG] LiveUpdate::reset                        : Reset connection (reason Disconnected)
[LOG] Thread::callback                         : FMOD stream thread finished.
[LOG] Thread::callback                         : FMOD mixer thread finished.
[LOG] Profile::disconnectAll                   : Profiler disconnecting all clients
[LOG] SystemI::close                           : Closed.
